<?xml version="1.0" encoding="UTF-8"?>
<!-- Generated by org.testng.reporters.JUnitReportReporter -->
<testsuite hostname="MedasaniP2" failures="0" tests="6" name="vaisala.Vaisalaa" time="4.289" errors="0" timestamp="29 Jun 2021 16:10:17 GMT" skipped="0">
  <testcase classname="vaisala.Vaisalaa" name="validateCompany" time="0.558"/>
  <testcase classname="vaisala.Vaisalaa" name="case2" time="2.592"/>
  <testcase classname="vaisala.Vaisalaa" name="validateCompany" time="0.387"/>
  <testcase classname="vaisala.Vaisalaa" name="validateCompany1" time="0.149"/>
  <testcase classname="vaisala.Vaisalaa" name="validateCompany" time="0.329"/>
  <testcase classname="vaisala.Vaisalaa" name="validateCompany" time="0.274"/>
</testsuite> <!-- vaisala.Vaisalaa -->
